<?xml version="1.0" encoding="UTF-8"?>
<testsuite name="demo.base.BaseDemoTest" tests="3" skipped="0" failures="0" errors="0" timestamp="2022-11-25T01:18:20" hostname="KWOKTH4-W11" time="0.01">
  <properties/>
  <testcase name="test_sum2()" classname="demo.base.BaseDemoTest" time="0.008"/>
  <testcase name="test_sum()" classname="demo.base.BaseDemoTest" time="0.001"/>
  <testcase name="should_return_hello_world()" classname="demo.base.BaseDemoTest" time="0.001"/>
  <system-out><![CDATA[]]></system-out>
  <system-err><![CDATA[]]></system-err>
</testsuite>
